State 28 conflicts: 1 shift/reduce
State 34 conflicts: 1 shift/reduce
State 35 conflicts: 1 shift/reduce
State 44 conflicts: 5 shift/reduce
State 78 conflicts: 6 reduce/reduce
State 143 conflicts: 1 shift/reduce


Grammar

    0 $accept: Program $end

    1 Program: ProcedureList

    2 ProcedureList: Procedure
    3              | Procedure ProcedureList

    4 Procedure: PROCEDURE IDENTIFIER LPAREN ParameterList RPAREN RETURN Type LBRACE Body OptionalReturn RBRACE

    5 ParameterList: ParamList

    6 ParamList: Param
    7          | Param SEMICOLON ParamList

    8 Param: IDList COLON Type
    9      | ε

   10 IDList: IDENTIFIER
   11       | IDENTIFIER COMMA IDList

   12 Body: OptionalDeclarations OptionalStatements

   13 OptionalDeclarations: ε
   14                     | Declarations

   15 OptionalStatements: ε
   16                   | Statements

   17 OptionalReturn: ε
   18               | RETURN Expression SEMICOLON

   19 Block: LBRACE OptionalDeclarations OptionalStatements RBRACE

   20 NestedBlock: LBRACE OptionalDeclarations OptionalStatements RBRACE

   21 Declarations: Declaration
   22             | Declaration Declarations

   23 Declaration: VAR SingleVarDeclaration SEMICOLON
   24            | VAR MultiVarDeclaration SEMICOLON
   25            | Procedure

   26 SingleVarDeclaration: IDENTIFIER COLON STRING LBRACKET INT_LITERAL RBRACKET
   27                     | IDENTIFIER COLON Type

   28 MultiVarDeclaration: IDList COLON Type

   29 Statements: Statement
   30           | Statement Statements

   31 Statement: IDENTIFIER EQUAL Expression SEMICOLON
   32          | IDENTIFIER LBRACKET Expression RBRACKET EQUAL Expression SEMICOLON
   33          | IF LPAREN Expression RPAREN Block
   34          | IF LPAREN Expression RPAREN Block ELSE Block
   35          | WHILE LPAREN Expression RPAREN Block
   36          | LBRACE Statements RBRACE
   37          | NestedBlock
   38          | Procedure

   39 Expression: Expression OR Expression
   40           | Expression AND Expression
   41           | Expression EQUALS Expression
   42           | Expression NOTEQUAL Expression
   43           | Expression LT Expression
   44           | Expression LTE Expression
   45           | Expression GT Expression
   46           | Expression GTE Expression
   47           | AdditiveExpr

   48 AdditiveExpr: AdditiveExpr PLUS MultiplicativeExpr
   49             | AdditiveExpr MINUS MultiplicativeExpr
   50             | MultiplicativeExpr

   51 MultiplicativeExpr: MultiplicativeExpr MUL UnaryExpr
   52                   | MultiplicativeExpr DIV UnaryExpr
   53                   | UnaryExpr

   54 UnaryExpr: NOT UnaryExpr
   55          | MINUS UnaryExpr
   56          | AMP Variable
   57          | DEREFERENCE PrimaryExpr
   58          | BAR Expression BAR
   59          | PrimaryExpr

   60 Variable: IDENTIFIER
   61         | IDENTIFIER LBRACKET Expression RBRACKET

   62 PrimaryExpr: IDENTIFIER
   63            | INT_LITERAL
   64            | LPAREN Expression RPAREN
   65            | IDENTIFIER LPAREN ArgumentList RPAREN
   66            | IDENTIFIER LBRACKET Expression RBRACKET
   67            | STRING_LITERAL
   68            | CHAR_LITERAL
   69            | TRUE
   70            | FALSE
   71            | NULLTOKEN

   72 ArgumentList: ε
   73             | NonEmptyArgumentList

   74 NonEmptyArgumentList: Expression
   75                     | Expression COMMA NonEmptyArgumentList

   76 Type: BOOLEAN
   77     | CHAR
   78     | INTEGER
   79     | INTPTR
   80     | CHARPTR


Terminals, with rules where they appear

    $end (0) 0
    error (256)
    BOOLEAN (258) 76
    CHAR (259) 77
    INTEGER (260) 78
    STRING (261) 26
    INTPTR (262) 79
    CHARPTR (263) 80
    IF (264) 33 34
    ELSE (265) 34
    WHILE (266) 35
    VAR (267) 23 24
    PROCEDURE (268) 4
    RETURN (269) 4 18
    NULLTOKEN (270) 71
    AND (271) 40
    DIV (272) 52
    EQUAL (273) 31 32
    EQUALS (274) 41
    GT (275) 45
    GTE (276) 46
    LT (277) 43
    LTE (278) 44
    MINUS (279) 49 55
    NOT (280) 54
    NOTEQUAL (281) 42
    OR (282) 39
    PLUS (283) 48
    MUL (284) 51
    AMP (285) 56
    DEREFERENCE (286) 57
    TRUE (287) 69
    FALSE (288) 70
    INT_LITERAL (289) 26 63
    IDENTIFIER (290) 4 10 11 26 27 31 32 60 61 62 65 66
    COMMA (291) 11 75
    COLON (292) 8 26 27 28
    UMINUS (293)
    LBRACE (294) 4 19 20 36
    RBRACE (295) 4 19 20 36
    SEMICOLON (296) 7 18 23 24 31 32
    LPAREN (297) 4 33 34 35 64 65
    RPAREN (298) 4 33 34 35 64 65
    BAR (299) 58
    LBRACKET (300) 26 32 61 66
    RBRACKET (301) 26 32 61 66
    STRING_LITERAL (302) 67
    CHAR_LITERAL (303) 68


Nonterminals, with rules where they appear

    $accept (49)
        on left: 0
    Program (50)
        on left: 1
        on right: 0
    ProcedureList (51)
        on left: 2 3
        on right: 1 3
    Procedure (52)
        on left: 4
        on right: 2 3 25 38
    ParameterList (53)
        on left: 5
        on right: 4
    ParamList (54)
        on left: 6 7
        on right: 5 7
    Param (55)
        on left: 8 9
        on right: 6 7
    IDList (56)
        on left: 10 11
        on right: 8 11 28
    Body (57)
        on left: 12
        on right: 4
    OptionalDeclarations (58)
        on left: 13 14
        on right: 12 19 20
    OptionalStatements (59)
        on left: 15 16
        on right: 12 19 20
    OptionalReturn (60)
        on left: 17 18
        on right: 4
    Block (61)
        on left: 19
        on right: 33 34 35
    NestedBlock (62)
        on left: 20
        on right: 37
    Declarations (63)
        on left: 21 22
        on right: 14 22
    Declaration (64)
        on left: 23 24 25
        on right: 21 22
    SingleVarDeclaration (65)
        on left: 26 27
        on right: 23
    MultiVarDeclaration (66)
        on left: 28
        on right: 24
    Statements (67)
        on left: 29 30
        on right: 16 30 36
    Statement (68)
        on left: 31 32 33 34 35 36 37 38
        on right: 29 30
    Expression (69)
        on left: 39 40 41 42 43 44 45 46 47
        on right: 18 31 32 33 34 35 39 40 41 42 43 44 45 46 58 61 64 66 74 75
    AdditiveExpr (70)
        on left: 48 49 50
        on right: 47 48 49
    MultiplicativeExpr (71)
        on left: 51 52 53
        on right: 48 49 50 51 52
    UnaryExpr (72)
        on left: 54 55 56 57 58 59
        on right: 51 52 53 54 55
    Variable (73)
        on left: 60 61
        on right: 56
    PrimaryExpr (74)
        on left: 62 63 64 65 66 67 68 69 70 71
        on right: 57 59
    ArgumentList (75)
        on left: 72 73
        on right: 65
    NonEmptyArgumentList (76)
        on left: 74 75
        on right: 73 75
    Type (77)
        on left: 76 77 78 79 80
        on right: 4 8 27 28


State 0

    0 $accept: • Program $end

    PROCEDURE  shift, and go to state 1

    Program        go to state 2
    ProcedureList  go to state 3
    Procedure      go to state 4


State 1

    4 Procedure: PROCEDURE • IDENTIFIER LPAREN ParameterList RPAREN RETURN Type LBRACE Body OptionalReturn RBRACE

    IDENTIFIER  shift, and go to state 5


State 2

    0 $accept: Program • $end

    $end  shift, and go to state 6


State 3

    1 Program: ProcedureList •

    $default  reduce using rule 1 (Program)


State 4

    2 ProcedureList: Procedure •
    3              | Procedure • ProcedureList

    PROCEDURE  shift, and go to state 1

    $default  reduce using rule 2 (ProcedureList)

    ProcedureList  go to state 7
    Procedure      go to state 4


State 5

    4 Procedure: PROCEDURE IDENTIFIER • LPAREN ParameterList RPAREN RETURN Type LBRACE Body OptionalReturn RBRACE

    LPAREN  shift, and go to state 8


State 6

    0 $accept: Program $end •

    $default  accept


State 7

    3 ProcedureList: Procedure ProcedureList •

    $default  reduce using rule 3 (ProcedureList)


State 8

    4 Procedure: PROCEDURE IDENTIFIER LPAREN • ParameterList RPAREN RETURN Type LBRACE Body OptionalReturn RBRACE

    IDENTIFIER  shift, and go to state 9

    $default  reduce using rule 9 (Param)

    ParameterList  go to state 10
    ParamList      go to state 11
    Param          go to state 12
    IDList         go to state 13


State 9

   10 IDList: IDENTIFIER •
   11       | IDENTIFIER • COMMA IDList

    COMMA  shift, and go to state 14

    $default  reduce using rule 10 (IDList)


State 10

    4 Procedure: PROCEDURE IDENTIFIER LPAREN ParameterList • RPAREN RETURN Type LBRACE Body OptionalReturn RBRACE

    RPAREN  shift, and go to state 15


State 11

    5 ParameterList: ParamList •

    $default  reduce using rule 5 (ParameterList)


State 12

    6 ParamList: Param •
    7          | Param • SEMICOLON ParamList

    SEMICOLON  shift, and go to state 16

    $default  reduce using rule 6 (ParamList)


State 13

    8 Param: IDList • COLON Type

    COLON  shift, and go to state 17


State 14

   11 IDList: IDENTIFIER COMMA • IDList

    IDENTIFIER  shift, and go to state 9

    IDList  go to state 18


State 15

    4 Procedure: PROCEDURE IDENTIFIER LPAREN ParameterList RPAREN • RETURN Type LBRACE Body OptionalReturn RBRACE

    RETURN  shift, and go to state 19


State 16

    7 ParamList: Param SEMICOLON • ParamList

    IDENTIFIER  shift, and go to state 9

    $default  reduce using rule 9 (Param)

    ParamList  go to state 20
    Param      go to state 12
    IDList     go to state 13


State 17

    8 Param: IDList COLON • Type

    BOOLEAN  shift, and go to state 21
    CHAR     shift, and go to state 22
    INTEGER  shift, and go to state 23
    INTPTR   shift, and go to state 24
    CHARPTR  shift, and go to state 25

    Type  go to state 26


State 18

   11 IDList: IDENTIFIER COMMA IDList •

    $default  reduce using rule 11 (IDList)


State 19

    4 Procedure: PROCEDURE IDENTIFIER LPAREN ParameterList RPAREN RETURN • Type LBRACE Body OptionalReturn RBRACE

    BOOLEAN  shift, and go to state 21
    CHAR     shift, and go to state 22
    INTEGER  shift, and go to state 23
    INTPTR   shift, and go to state 24
    CHARPTR  shift, and go to state 25

    Type  go to state 27


State 20

    7 ParamList: Param SEMICOLON ParamList •

    $default  reduce using rule 7 (ParamList)


State 21

   76 Type: BOOLEAN •

    $default  reduce using rule 76 (Type)


State 22

   77 Type: CHAR •

    $default  reduce using rule 77 (Type)


State 23

   78 Type: INTEGER •

    $default  reduce using rule 78 (Type)


State 24

   79 Type: INTPTR •

    $default  reduce using rule 79 (Type)


State 25

   80 Type: CHARPTR •

    $default  reduce using rule 80 (Type)


State 26

    8 Param: IDList COLON Type •

    $default  reduce using rule 8 (Param)


State 27

    4 Procedure: PROCEDURE IDENTIFIER LPAREN ParameterList RPAREN RETURN Type • LBRACE Body OptionalReturn RBRACE

    LBRACE  shift, and go to state 28


State 28

    4 Procedure: PROCEDURE IDENTIFIER LPAREN ParameterList RPAREN RETURN Type LBRACE • Body OptionalReturn RBRACE

    VAR        shift, and go to state 29
    PROCEDURE  shift, and go to state 1

    PROCEDURE  [reduce using rule 13 (OptionalDeclarations)]
    $default   reduce using rule 13 (OptionalDeclarations)

    Procedure             go to state 30
    Body                  go to state 31
    OptionalDeclarations  go to state 32
    Declarations          go to state 33
    Declaration           go to state 34


State 29

   23 Declaration: VAR • SingleVarDeclaration SEMICOLON
   24            | VAR • MultiVarDeclaration SEMICOLON

    IDENTIFIER  shift, and go to state 35

    IDList                go to state 36
    SingleVarDeclaration  go to state 37
    MultiVarDeclaration   go to state 38


State 30

   25 Declaration: Procedure •

    $default  reduce using rule 25 (Declaration)


State 31

    4 Procedure: PROCEDURE IDENTIFIER LPAREN ParameterList RPAREN RETURN Type LBRACE Body • OptionalReturn RBRACE

    RETURN  shift, and go to state 39

    $default  reduce using rule 17 (OptionalReturn)

    OptionalReturn  go to state 40


State 32

   12 Body: OptionalDeclarations • OptionalStatements

    IF          shift, and go to state 41
    WHILE       shift, and go to state 42
    PROCEDURE   shift, and go to state 1
    IDENTIFIER  shift, and go to state 43
    LBRACE      shift, and go to state 44

    $default  reduce using rule 15 (OptionalStatements)

    Procedure           go to state 45
    OptionalStatements  go to state 46
    NestedBlock         go to state 47
    Statements          go to state 48
    Statement           go to state 49


State 33

   14 OptionalDeclarations: Declarations •

    $default  reduce using rule 14 (OptionalDeclarations)


State 34

   21 Declarations: Declaration •
   22             | Declaration • Declarations

    VAR        shift, and go to state 29
    PROCEDURE  shift, and go to state 1

    PROCEDURE  [reduce using rule 21 (Declarations)]
    $default   reduce using rule 21 (Declarations)

    Procedure     go to state 30
    Declarations  go to state 50
    Declaration   go to state 34


State 35

   10 IDList: IDENTIFIER •
   11       | IDENTIFIER • COMMA IDList
   26 SingleVarDeclaration: IDENTIFIER • COLON STRING LBRACKET INT_LITERAL RBRACKET
   27                     | IDENTIFIER • COLON Type

    COMMA  shift, and go to state 14
    COLON  shift, and go to state 51

    COLON  [reduce using rule 10 (IDList)]


State 36

   28 MultiVarDeclaration: IDList • COLON Type

    COLON  shift, and go to state 52


State 37

   23 Declaration: VAR SingleVarDeclaration • SEMICOLON

    SEMICOLON  shift, and go to state 53


State 38

   24 Declaration: VAR MultiVarDeclaration • SEMICOLON

    SEMICOLON  shift, and go to state 54


State 39

   18 OptionalReturn: RETURN • Expression SEMICOLON

    NULLTOKEN       shift, and go to state 55
    MINUS           shift, and go to state 56
    NOT             shift, and go to state 57
    AMP             shift, and go to state 58
    DEREFERENCE     shift, and go to state 59
    TRUE            shift, and go to state 60
    FALSE           shift, and go to state 61
    INT_LITERAL     shift, and go to state 62
    IDENTIFIER      shift, and go to state 63
    LPAREN          shift, and go to state 64
    BAR             shift, and go to state 65
    STRING_LITERAL  shift, and go to state 66
    CHAR_LITERAL    shift, and go to state 67

    Expression          go to state 68
    AdditiveExpr        go to state 69
    MultiplicativeExpr  go to state 70
    UnaryExpr           go to state 71
    PrimaryExpr         go to state 72


State 40

    4 Procedure: PROCEDURE IDENTIFIER LPAREN ParameterList RPAREN RETURN Type LBRACE Body OptionalReturn • RBRACE

    RBRACE  shift, and go to state 73


State 41

   33 Statement: IF • LPAREN Expression RPAREN Block
   34          | IF • LPAREN Expression RPAREN Block ELSE Block

    LPAREN  shift, and go to state 74


State 42

   35 Statement: WHILE • LPAREN Expression RPAREN Block

    LPAREN  shift, and go to state 75


State 43

   31 Statement: IDENTIFIER • EQUAL Expression SEMICOLON
   32          | IDENTIFIER • LBRACKET Expression RBRACKET EQUAL Expression SEMICOLON

    EQUAL     shift, and go to state 76
    LBRACKET  shift, and go to state 77


State 44

   20 NestedBlock: LBRACE • OptionalDeclarations OptionalStatements RBRACE
   36 Statement: LBRACE • Statements RBRACE

    IF          shift, and go to state 41
    WHILE       shift, and go to state 42
    VAR         shift, and go to state 29
    PROCEDURE   shift, and go to state 1
    IDENTIFIER  shift, and go to state 43
    LBRACE      shift, and go to state 44

    IF          [reduce using rule 13 (OptionalDeclarations)]
    WHILE       [reduce using rule 13 (OptionalDeclarations)]
    PROCEDURE   [reduce using rule 13 (OptionalDeclarations)]
    IDENTIFIER  [reduce using rule 13 (OptionalDeclarations)]
    LBRACE      [reduce using rule 13 (OptionalDeclarations)]
    $default    reduce using rule 13 (OptionalDeclarations)

    Procedure             go to state 78
    OptionalDeclarations  go to state 79
    NestedBlock           go to state 47
    Declarations          go to state 33
    Declaration           go to state 34
    Statements            go to state 80
    Statement             go to state 49


State 45

   38 Statement: Procedure •

    $default  reduce using rule 38 (Statement)


State 46

   12 Body: OptionalDeclarations OptionalStatements •

    $default  reduce using rule 12 (Body)


State 47

   37 Statement: NestedBlock •

    $default  reduce using rule 37 (Statement)


State 48

   16 OptionalStatements: Statements •

    $default  reduce using rule 16 (OptionalStatements)


State 49

   29 Statements: Statement •
   30           | Statement • Statements

    IF          shift, and go to state 41
    WHILE       shift, and go to state 42
    PROCEDURE   shift, and go to state 1
    IDENTIFIER  shift, and go to state 43
    LBRACE      shift, and go to state 44

    $default  reduce using rule 29 (Statements)

    Procedure    go to state 45
    NestedBlock  go to state 47
    Statements   go to state 81
    Statement    go to state 49


State 50

   22 Declarations: Declaration Declarations •

    $default  reduce using rule 22 (Declarations)


State 51

   26 SingleVarDeclaration: IDENTIFIER COLON • STRING LBRACKET INT_LITERAL RBRACKET
   27                     | IDENTIFIER COLON • Type

    BOOLEAN  shift, and go to state 21
    CHAR     shift, and go to state 22
    INTEGER  shift, and go to state 23
    STRING   shift, and go to state 82
    INTPTR   shift, and go to state 24
    CHARPTR  shift, and go to state 25

    Type  go to state 83


State 52

   28 MultiVarDeclaration: IDList COLON • Type

    BOOLEAN  shift, and go to state 21
    CHAR     shift, and go to state 22
    INTEGER  shift, and go to state 23
    INTPTR   shift, and go to state 24
    CHARPTR  shift, and go to state 25

    Type  go to state 84


State 53

   23 Declaration: VAR SingleVarDeclaration SEMICOLON •

    $default  reduce using rule 23 (Declaration)


State 54

   24 Declaration: VAR MultiVarDeclaration SEMICOLON •

    $default  reduce using rule 24 (Declaration)


State 55

   71 PrimaryExpr: NULLTOKEN •

    $default  reduce using rule 71 (PrimaryExpr)


State 56

   55 UnaryExpr: MINUS • UnaryExpr

    NULLTOKEN       shift, and go to state 55
    MINUS           shift, and go to state 56
    NOT             shift, and go to state 57
    AMP             shift, and go to state 58
    DEREFERENCE     shift, and go to state 59
    TRUE            shift, and go to state 60
    FALSE           shift, and go to state 61
    INT_LITERAL     shift, and go to state 62
    IDENTIFIER      shift, and go to state 63
    LPAREN          shift, and go to state 64
    BAR             shift, and go to state 65
    STRING_LITERAL  shift, and go to state 66
    CHAR_LITERAL    shift, and go to state 67

    UnaryExpr    go to state 85
    PrimaryExpr  go to state 72


State 57

   54 UnaryExpr: NOT • UnaryExpr

    NULLTOKEN       shift, and go to state 55
    MINUS           shift, and go to state 56
    NOT             shift, and go to state 57
    AMP             shift, and go to state 58
    DEREFERENCE     shift, and go to state 59
    TRUE            shift, and go to state 60
    FALSE           shift, and go to state 61
    INT_LITERAL     shift, and go to state 62
    IDENTIFIER      shift, and go to state 63
    LPAREN          shift, and go to state 64
    BAR             shift, and go to state 65
    STRING_LITERAL  shift, and go to state 66
    CHAR_LITERAL    shift, and go to state 67

    UnaryExpr    go to state 86
    PrimaryExpr  go to state 72


State 58

   56 UnaryExpr: AMP • Variable

    IDENTIFIER  shift, and go to state 87

    Variable  go to state 88


State 59

   57 UnaryExpr: DEREFERENCE • PrimaryExpr

    NULLTOKEN       shift, and go to state 55
    TRUE            shift, and go to state 60
    FALSE           shift, and go to state 61
    INT_LITERAL     shift, and go to state 62
    IDENTIFIER      shift, and go to state 63
    LPAREN          shift, and go to state 64
    STRING_LITERAL  shift, and go to state 66
    CHAR_LITERAL    shift, and go to state 67

    PrimaryExpr  go to state 89


State 60

   69 PrimaryExpr: TRUE •

    $default  reduce using rule 69 (PrimaryExpr)


State 61

   70 PrimaryExpr: FALSE •

    $default  reduce using rule 70 (PrimaryExpr)


State 62

   63 PrimaryExpr: INT_LITERAL •

    $default  reduce using rule 63 (PrimaryExpr)


State 63

   62 PrimaryExpr: IDENTIFIER •
   65            | IDENTIFIER • LPAREN ArgumentList RPAREN
   66            | IDENTIFIER • LBRACKET Expression RBRACKET

    LPAREN    shift, and go to state 90
    LBRACKET  shift, and go to state 91

    $default  reduce using rule 62 (PrimaryExpr)


State 64

   64 PrimaryExpr: LPAREN • Expression RPAREN

    NULLTOKEN       shift, and go to state 55
    MINUS           shift, and go to state 56
    NOT             shift, and go to state 57
    AMP             shift, and go to state 58
    DEREFERENCE     shift, and go to state 59
    TRUE            shift, and go to state 60
    FALSE           shift, and go to state 61
    INT_LITERAL     shift, and go to state 62
    IDENTIFIER      shift, and go to state 63
    LPAREN          shift, and go to state 64
    BAR             shift, and go to state 65
    STRING_LITERAL  shift, and go to state 66
    CHAR_LITERAL    shift, and go to state 67

    Expression          go to state 92
    AdditiveExpr        go to state 69
    MultiplicativeExpr  go to state 70
    UnaryExpr           go to state 71
    PrimaryExpr         go to state 72


State 65

   58 UnaryExpr: BAR • Expression BAR

    NULLTOKEN       shift, and go to state 55
    MINUS           shift, and go to state 56
    NOT             shift, and go to state 57
    AMP             shift, and go to state 58
    DEREFERENCE     shift, and go to state 59
    TRUE            shift, and go to state 60
    FALSE           shift, and go to state 61
    INT_LITERAL     shift, and go to state 62
    IDENTIFIER      shift, and go to state 63
    LPAREN          shift, and go to state 64
    BAR             shift, and go to state 65
    STRING_LITERAL  shift, and go to state 66
    CHAR_LITERAL    shift, and go to state 67

    Expression          go to state 93
    AdditiveExpr        go to state 69
    MultiplicativeExpr  go to state 70
    UnaryExpr           go to state 71
    PrimaryExpr         go to state 72


State 66

   67 PrimaryExpr: STRING_LITERAL •

    $default  reduce using rule 67 (PrimaryExpr)


State 67

   68 PrimaryExpr: CHAR_LITERAL •

    $default  reduce using rule 68 (PrimaryExpr)


State 68

   18 OptionalReturn: RETURN Expression • SEMICOLON
   39 Expression: Expression • OR Expression
   40           | Expression • AND Expression
   41           | Expression • EQUALS Expression
   42           | Expression • NOTEQUAL Expression
   43           | Expression • LT Expression
   44           | Expression • LTE Expression
   45           | Expression • GT Expression
   46           | Expression • GTE Expression

    AND        shift, and go to state 94
    EQUALS     shift, and go to state 95
    GT         shift, and go to state 96
    GTE        shift, and go to state 97
    LT         shift, and go to state 98
    LTE        shift, and go to state 99
    NOTEQUAL   shift, and go to state 100
    OR         shift, and go to state 101
    SEMICOLON  shift, and go to state 102


State 69

   47 Expression: AdditiveExpr •
   48 AdditiveExpr: AdditiveExpr • PLUS MultiplicativeExpr
   49             | AdditiveExpr • MINUS MultiplicativeExpr

    MINUS  shift, and go to state 103
    PLUS   shift, and go to state 104

    $default  reduce using rule 47 (Expression)


State 70

   50 AdditiveExpr: MultiplicativeExpr •
   51 MultiplicativeExpr: MultiplicativeExpr • MUL UnaryExpr
   52                   | MultiplicativeExpr • DIV UnaryExpr

    DIV  shift, and go to state 105
    MUL  shift, and go to state 106

    $default  reduce using rule 50 (AdditiveExpr)


State 71

   53 MultiplicativeExpr: UnaryExpr •

    $default  reduce using rule 53 (MultiplicativeExpr)


State 72

   59 UnaryExpr: PrimaryExpr •

    $default  reduce using rule 59 (UnaryExpr)


State 73

    4 Procedure: PROCEDURE IDENTIFIER LPAREN ParameterList RPAREN RETURN Type LBRACE Body OptionalReturn RBRACE •

    $default  reduce using rule 4 (Procedure)


State 74

   33 Statement: IF LPAREN • Expression RPAREN Block
   34          | IF LPAREN • Expression RPAREN Block ELSE Block

    NULLTOKEN       shift, and go to state 55
    MINUS           shift, and go to state 56
    NOT             shift, and go to state 57
    AMP             shift, and go to state 58
    DEREFERENCE     shift, and go to state 59
    TRUE            shift, and go to state 60
    FALSE           shift, and go to state 61
    INT_LITERAL     shift, and go to state 62
    IDENTIFIER      shift, and go to state 63
    LPAREN          shift, and go to state 64
    BAR             shift, and go to state 65
    STRING_LITERAL  shift, and go to state 66
    CHAR_LITERAL    shift, and go to state 67

    Expression          go to state 107
    AdditiveExpr        go to state 69
    MultiplicativeExpr  go to state 70
    UnaryExpr           go to state 71
    PrimaryExpr         go to state 72


State 75

   35 Statement: WHILE LPAREN • Expression RPAREN Block

    NULLTOKEN       shift, and go to state 55
    MINUS           shift, and go to state 56
    NOT             shift, and go to state 57
    AMP             shift, and go to state 58
    DEREFERENCE     shift, and go to state 59
    TRUE            shift, and go to state 60
    FALSE           shift, and go to state 61
    INT_LITERAL     shift, and go to state 62
    IDENTIFIER      shift, and go to state 63
    LPAREN          shift, and go to state 64
    BAR             shift, and go to state 65
    STRING_LITERAL  shift, and go to state 66
    CHAR_LITERAL    shift, and go to state 67

    Expression          go to state 108
    AdditiveExpr        go to state 69
    MultiplicativeExpr  go to state 70
    UnaryExpr           go to state 71
    PrimaryExpr         go to state 72


State 76

   31 Statement: IDENTIFIER EQUAL • Expression SEMICOLON

    NULLTOKEN       shift, and go to state 55
    MINUS           shift, and go to state 56
    NOT             shift, and go to state 57
    AMP             shift, and go to state 58
    DEREFERENCE     shift, and go to state 59
    TRUE            shift, and go to state 60
    FALSE           shift, and go to state 61
    INT_LITERAL     shift, and go to state 62
    IDENTIFIER      shift, and go to state 63
    LPAREN          shift, and go to state 64
    BAR             shift, and go to state 65
    STRING_LITERAL  shift, and go to state 66
    CHAR_LITERAL    shift, and go to state 67

    Expression          go to state 109
    AdditiveExpr        go to state 69
    MultiplicativeExpr  go to state 70
    UnaryExpr           go to state 71
    PrimaryExpr         go to state 72


State 77

   32 Statement: IDENTIFIER LBRACKET • Expression RBRACKET EQUAL Expression SEMICOLON

    NULLTOKEN       shift, and go to state 55
    MINUS           shift, and go to state 56
    NOT             shift, and go to state 57
    AMP             shift, and go to state 58
    DEREFERENCE     shift, and go to state 59
    TRUE            shift, and go to state 60
    FALSE           shift, and go to state 61
    INT_LITERAL     shift, and go to state 62
    IDENTIFIER      shift, and go to state 63
    LPAREN          shift, and go to state 64
    BAR             shift, and go to state 65
    STRING_LITERAL  shift, and go to state 66
    CHAR_LITERAL    shift, and go to state 67

    Expression          go to state 110
    AdditiveExpr        go to state 69
    MultiplicativeExpr  go to state 70
    UnaryExpr           go to state 71
    PrimaryExpr         go to state 72


State 78

   25 Declaration: Procedure •
   38 Statement: Procedure •

    IF          reduce using rule 25 (Declaration)
    IF          [reduce using rule 38 (Statement)]
    WHILE       reduce using rule 25 (Declaration)
    WHILE       [reduce using rule 38 (Statement)]
    PROCEDURE   reduce using rule 25 (Declaration)
    PROCEDURE   [reduce using rule 38 (Statement)]
    IDENTIFIER  reduce using rule 25 (Declaration)
    IDENTIFIER  [reduce using rule 38 (Statement)]
    LBRACE      reduce using rule 25 (Declaration)
    LBRACE      [reduce using rule 38 (Statement)]
    RBRACE      reduce using rule 25 (Declaration)
    RBRACE      [reduce using rule 38 (Statement)]
    $default    reduce using rule 25 (Declaration)


State 79

   20 NestedBlock: LBRACE OptionalDeclarations • OptionalStatements RBRACE

    IF          shift, and go to state 41
    WHILE       shift, and go to state 42
    PROCEDURE   shift, and go to state 1
    IDENTIFIER  shift, and go to state 43
    LBRACE      shift, and go to state 44

    $default  reduce using rule 15 (OptionalStatements)

    Procedure           go to state 45
    OptionalStatements  go to state 111
    NestedBlock         go to state 47
    Statements          go to state 48
    Statement           go to state 49


State 80

   36 Statement: LBRACE Statements • RBRACE

    RBRACE  shift, and go to state 112


State 81

   30 Statements: Statement Statements •

    $default  reduce using rule 30 (Statements)


State 82

   26 SingleVarDeclaration: IDENTIFIER COLON STRING • LBRACKET INT_LITERAL RBRACKET

    LBRACKET  shift, and go to state 113


State 83

   27 SingleVarDeclaration: IDENTIFIER COLON Type •

    $default  reduce using rule 27 (SingleVarDeclaration)


State 84

   28 MultiVarDeclaration: IDList COLON Type •

    $default  reduce using rule 28 (MultiVarDeclaration)


State 85

   55 UnaryExpr: MINUS UnaryExpr •

    $default  reduce using rule 55 (UnaryExpr)


State 86

   54 UnaryExpr: NOT UnaryExpr •

    $default  reduce using rule 54 (UnaryExpr)


State 87

   60 Variable: IDENTIFIER •
   61         | IDENTIFIER • LBRACKET Expression RBRACKET

    LBRACKET  shift, and go to state 114

    $default  reduce using rule 60 (Variable)


State 88

   56 UnaryExpr: AMP Variable •

    $default  reduce using rule 56 (UnaryExpr)


State 89

   57 UnaryExpr: DEREFERENCE PrimaryExpr •

    $default  reduce using rule 57 (UnaryExpr)


State 90

   65 PrimaryExpr: IDENTIFIER LPAREN • ArgumentList RPAREN

    NULLTOKEN       shift, and go to state 55
    MINUS           shift, and go to state 56
    NOT             shift, and go to state 57
    AMP             shift, and go to state 58
    DEREFERENCE     shift, and go to state 59
    TRUE            shift, and go to state 60
    FALSE           shift, and go to state 61
    INT_LITERAL     shift, and go to state 62
    IDENTIFIER      shift, and go to state 63
    LPAREN          shift, and go to state 64
    BAR             shift, and go to state 65
    STRING_LITERAL  shift, and go to state 66
    CHAR_LITERAL    shift, and go to state 67

    $default  reduce using rule 72 (ArgumentList)

    Expression            go to state 115
    AdditiveExpr          go to state 69
    MultiplicativeExpr    go to state 70
    UnaryExpr             go to state 71
    PrimaryExpr           go to state 72
    ArgumentList          go to state 116
    NonEmptyArgumentList  go to state 117


State 91

   66 PrimaryExpr: IDENTIFIER LBRACKET • Expression RBRACKET

    NULLTOKEN       shift, and go to state 55
    MINUS           shift, and go to state 56
    NOT             shift, and go to state 57
    AMP             shift, and go to state 58
    DEREFERENCE     shift, and go to state 59
    TRUE            shift, and go to state 60
    FALSE           shift, and go to state 61
    INT_LITERAL     shift, and go to state 62
    IDENTIFIER      shift, and go to state 63
    LPAREN          shift, and go to state 64
    BAR             shift, and go to state 65
    STRING_LITERAL  shift, and go to state 66
    CHAR_LITERAL    shift, and go to state 67

    Expression          go to state 118
    AdditiveExpr        go to state 69
    MultiplicativeExpr  go to state 70
    UnaryExpr           go to state 71
    PrimaryExpr         go to state 72


State 92

   39 Expression: Expression • OR Expression
   40           | Expression • AND Expression
   41           | Expression • EQUALS Expression
   42           | Expression • NOTEQUAL Expression
   43           | Expression • LT Expression
   44           | Expression • LTE Expression
   45           | Expression • GT Expression
   46           | Expression • GTE Expression
   64 PrimaryExpr: LPAREN Expression • RPAREN

    AND       shift, and go to state 94
    EQUALS    shift, and go to state 95
    GT        shift, and go to state 96
    GTE       shift, and go to state 97
    LT        shift, and go to state 98
    LTE       shift, and go to state 99
    NOTEQUAL  shift, and go to state 100
    OR        shift, and go to state 101
    RPAREN    shift, and go to state 119


State 93

   39 Expression: Expression • OR Expression
   40           | Expression • AND Expression
   41           | Expression • EQUALS Expression
   42           | Expression • NOTEQUAL Expression
   43           | Expression • LT Expression
   44           | Expression • LTE Expression
   45           | Expression • GT Expression
   46           | Expression • GTE Expression
   58 UnaryExpr: BAR Expression • BAR

    AND       shift, and go to state 94
    EQUALS    shift, and go to state 95
    GT        shift, and go to state 96
    GTE       shift, and go to state 97
    LT        shift, and go to state 98
    LTE       shift, and go to state 99
    NOTEQUAL  shift, and go to state 100
    OR        shift, and go to state 101
    BAR       shift, and go to state 120


State 94

   40 Expression: Expression AND • Expression

    NULLTOKEN       shift, and go to state 55
    MINUS           shift, and go to state 56
    NOT             shift, and go to state 57
    AMP             shift, and go to state 58
    DEREFERENCE     shift, and go to state 59
    TRUE            shift, and go to state 60
    FALSE           shift, and go to state 61
    INT_LITERAL     shift, and go to state 62
    IDENTIFIER      shift, and go to state 63
    LPAREN          shift, and go to state 64
    BAR             shift, and go to state 65
    STRING_LITERAL  shift, and go to state 66
    CHAR_LITERAL    shift, and go to state 67

    Expression          go to state 121
    AdditiveExpr        go to state 69
    MultiplicativeExpr  go to state 70
    UnaryExpr           go to state 71
    PrimaryExpr         go to state 72


State 95

   41 Expression: Expression EQUALS • Expression

    NULLTOKEN       shift, and go to state 55
    MINUS           shift, and go to state 56
    NOT             shift, and go to state 57
    AMP             shift, and go to state 58
    DEREFERENCE     shift, and go to state 59
    TRUE            shift, and go to state 60
    FALSE           shift, and go to state 61
    INT_LITERAL     shift, and go to state 62
    IDENTIFIER      shift, and go to state 63
    LPAREN          shift, and go to state 64
    BAR             shift, and go to state 65
    STRING_LITERAL  shift, and go to state 66
    CHAR_LITERAL    shift, and go to state 67

    Expression          go to state 122
    AdditiveExpr        go to state 69
    MultiplicativeExpr  go to state 70
    UnaryExpr           go to state 71
    PrimaryExpr         go to state 72


State 96

   45 Expression: Expression GT • Expression

    NULLTOKEN       shift, and go to state 55
    MINUS           shift, and go to state 56
    NOT             shift, and go to state 57
    AMP             shift, and go to state 58
    DEREFERENCE     shift, and go to state 59
    TRUE            shift, and go to state 60
    FALSE           shift, and go to state 61
    INT_LITERAL     shift, and go to state 62
    IDENTIFIER      shift, and go to state 63
    LPAREN          shift, and go to state 64
    BAR             shift, and go to state 65
    STRING_LITERAL  shift, and go to state 66
    CHAR_LITERAL    shift, and go to state 67

    Expression          go to state 123
    AdditiveExpr        go to state 69
    MultiplicativeExpr  go to state 70
    UnaryExpr           go to state 71
    PrimaryExpr         go to state 72


State 97

   46 Expression: Expression GTE • Expression

    NULLTOKEN       shift, and go to state 55
    MINUS           shift, and go to state 56
    NOT             shift, and go to state 57
    AMP             shift, and go to state 58
    DEREFERENCE     shift, and go to state 59
    TRUE            shift, and go to state 60
    FALSE           shift, and go to state 61
    INT_LITERAL     shift, and go to state 62
    IDENTIFIER      shift, and go to state 63
    LPAREN          shift, and go to state 64
    BAR             shift, and go to state 65
    STRING_LITERAL  shift, and go to state 66
    CHAR_LITERAL    shift, and go to state 67

    Expression          go to state 124
    AdditiveExpr        go to state 69
    MultiplicativeExpr  go to state 70
    UnaryExpr           go to state 71
    PrimaryExpr         go to state 72


State 98

   43 Expression: Expression LT • Expression

    NULLTOKEN       shift, and go to state 55
    MINUS           shift, and go to state 56
    NOT             shift, and go to state 57
    AMP             shift, and go to state 58
    DEREFERENCE     shift, and go to state 59
    TRUE            shift, and go to state 60
    FALSE           shift, and go to state 61
    INT_LITERAL     shift, and go to state 62
    IDENTIFIER      shift, and go to state 63
    LPAREN          shift, and go to state 64
    BAR             shift, and go to state 65
    STRING_LITERAL  shift, and go to state 66
    CHAR_LITERAL    shift, and go to state 67

    Expression          go to state 125
    AdditiveExpr        go to state 69
    MultiplicativeExpr  go to state 70
    UnaryExpr           go to state 71
    PrimaryExpr         go to state 72


State 99

   44 Expression: Expression LTE • Expression

    NULLTOKEN       shift, and go to state 55
    MINUS           shift, and go to state 56
    NOT             shift, and go to state 57
    AMP             shift, and go to state 58
    DEREFERENCE     shift, and go to state 59
    TRUE            shift, and go to state 60
    FALSE           shift, and go to state 61
    INT_LITERAL     shift, and go to state 62
    IDENTIFIER      shift, and go to state 63
    LPAREN          shift, and go to state 64
    BAR             shift, and go to state 65
    STRING_LITERAL  shift, and go to state 66
    CHAR_LITERAL    shift, and go to state 67

    Expression          go to state 126
    AdditiveExpr        go to state 69
    MultiplicativeExpr  go to state 70
    UnaryExpr           go to state 71
    PrimaryExpr         go to state 72


State 100

   42 Expression: Expression NOTEQUAL • Expression

    NULLTOKEN       shift, and go to state 55
    MINUS           shift, and go to state 56
    NOT             shift, and go to state 57
    AMP             shift, and go to state 58
    DEREFERENCE     shift, and go to state 59
    TRUE            shift, and go to state 60
    FALSE           shift, and go to state 61
    INT_LITERAL     shift, and go to state 62
    IDENTIFIER      shift, and go to state 63
    LPAREN          shift, and go to state 64
    BAR             shift, and go to state 65
    STRING_LITERAL  shift, and go to state 66
    CHAR_LITERAL    shift, and go to state 67

    Expression          go to state 127
    AdditiveExpr        go to state 69
    MultiplicativeExpr  go to state 70
    UnaryExpr           go to state 71
    PrimaryExpr         go to state 72


State 101

   39 Expression: Expression OR • Expression

    NULLTOKEN       shift, and go to state 55
    MINUS           shift, and go to state 56
    NOT             shift, and go to state 57
    AMP             shift, and go to state 58
    DEREFERENCE     shift, and go to state 59
    TRUE            shift, and go to state 60
    FALSE           shift, and go to state 61
    INT_LITERAL     shift, and go to state 62
    IDENTIFIER      shift, and go to state 63
    LPAREN          shift, and go to state 64
    BAR             shift, and go to state 65
    STRING_LITERAL  shift, and go to state 66
    CHAR_LITERAL    shift, and go to state 67

    Expression          go to state 128
    AdditiveExpr        go to state 69
    MultiplicativeExpr  go to state 70
    UnaryExpr           go to state 71
    PrimaryExpr         go to state 72


State 102

   18 OptionalReturn: RETURN Expression SEMICOLON •

    $default  reduce using rule 18 (OptionalReturn)


State 103

   49 AdditiveExpr: AdditiveExpr MINUS • MultiplicativeExpr

    NULLTOKEN       shift, and go to state 55
    MINUS           shift, and go to state 56
    NOT             shift, and go to state 57
    AMP             shift, and go to state 58
    DEREFERENCE     shift, and go to state 59
    TRUE            shift, and go to state 60
    FALSE           shift, and go to state 61
    INT_LITERAL     shift, and go to state 62
    IDENTIFIER      shift, and go to state 63
    LPAREN          shift, and go to state 64
    BAR             shift, and go to state 65
    STRING_LITERAL  shift, and go to state 66
    CHAR_LITERAL    shift, and go to state 67

    MultiplicativeExpr  go to state 129
    UnaryExpr           go to state 71
    PrimaryExpr         go to state 72


State 104

   48 AdditiveExpr: AdditiveExpr PLUS • MultiplicativeExpr

    NULLTOKEN       shift, and go to state 55
    MINUS           shift, and go to state 56
    NOT             shift, and go to state 57
    AMP             shift, and go to state 58
    DEREFERENCE     shift, and go to state 59
    TRUE            shift, and go to state 60
    FALSE           shift, and go to state 61
    INT_LITERAL     shift, and go to state 62
    IDENTIFIER      shift, and go to state 63
    LPAREN          shift, and go to state 64
    BAR             shift, and go to state 65
    STRING_LITERAL  shift, and go to state 66
    CHAR_LITERAL    shift, and go to state 67

    MultiplicativeExpr  go to state 130
    UnaryExpr           go to state 71
    PrimaryExpr         go to state 72


State 105

   52 MultiplicativeExpr: MultiplicativeExpr DIV • UnaryExpr

    NULLTOKEN       shift, and go to state 55
    MINUS           shift, and go to state 56
    NOT             shift, and go to state 57
    AMP             shift, and go to state 58
    DEREFERENCE     shift, and go to state 59
    TRUE            shift, and go to state 60
    FALSE           shift, and go to state 61
    INT_LITERAL     shift, and go to state 62
    IDENTIFIER      shift, and go to state 63
    LPAREN          shift, and go to state 64
    BAR             shift, and go to state 65
    STRING_LITERAL  shift, and go to state 66
    CHAR_LITERAL    shift, and go to state 67

    UnaryExpr    go to state 131
    PrimaryExpr  go to state 72


State 106

   51 MultiplicativeExpr: MultiplicativeExpr MUL • UnaryExpr

    NULLTOKEN       shift, and go to state 55
    MINUS           shift, and go to state 56
    NOT             shift, and go to state 57
    AMP             shift, and go to state 58
    DEREFERENCE     shift, and go to state 59
    TRUE            shift, and go to state 60
    FALSE           shift, and go to state 61
    INT_LITERAL     shift, and go to state 62
    IDENTIFIER      shift, and go to state 63
    LPAREN          shift, and go to state 64
    BAR             shift, and go to state 65
    STRING_LITERAL  shift, and go to state 66
    CHAR_LITERAL    shift, and go to state 67

    UnaryExpr    go to state 132
    PrimaryExpr  go to state 72


State 107

   33 Statement: IF LPAREN Expression • RPAREN Block
   34          | IF LPAREN Expression • RPAREN Block ELSE Block
   39 Expression: Expression • OR Expression
   40           | Expression • AND Expression
   41           | Expression • EQUALS Expression
   42           | Expression • NOTEQUAL Expression
   43           | Expression • LT Expression
   44           | Expression • LTE Expression
   45           | Expression • GT Expression
   46           | Expression • GTE Expression

    AND       shift, and go to state 94
    EQUALS    shift, and go to state 95
    GT        shift, and go to state 96
    GTE       shift, and go to state 97
    LT        shift, and go to state 98
    LTE       shift, and go to state 99
    NOTEQUAL  shift, and go to state 100
    OR        shift, and go to state 101
    RPAREN    shift, and go to state 133


State 108

   35 Statement: WHILE LPAREN Expression • RPAREN Block
   39 Expression: Expression • OR Expression
   40           | Expression • AND Expression
   41           | Expression • EQUALS Expression
   42           | Expression • NOTEQUAL Expression
   43           | Expression • LT Expression
   44           | Expression • LTE Expression
   45           | Expression • GT Expression
   46           | Expression • GTE Expression

    AND       shift, and go to state 94
    EQUALS    shift, and go to state 95
    GT        shift, and go to state 96
    GTE       shift, and go to state 97
    LT        shift, and go to state 98
    LTE       shift, and go to state 99
    NOTEQUAL  shift, and go to state 100
    OR        shift, and go to state 101
    RPAREN    shift, and go to state 134


State 109

   31 Statement: IDENTIFIER EQUAL Expression • SEMICOLON
   39 Expression: Expression • OR Expression
   40           | Expression • AND Expression
   41           | Expression • EQUALS Expression
   42           | Expression • NOTEQUAL Expression
   43           | Expression • LT Expression
   44           | Expression • LTE Expression
   45           | Expression • GT Expression
   46           | Expression • GTE Expression

    AND        shift, and go to state 94
    EQUALS     shift, and go to state 95
    GT         shift, and go to state 96
    GTE        shift, and go to state 97
    LT         shift, and go to state 98
    LTE        shift, and go to state 99
    NOTEQUAL   shift, and go to state 100
    OR         shift, and go to state 101
    SEMICOLON  shift, and go to state 135


State 110

   32 Statement: IDENTIFIER LBRACKET Expression • RBRACKET EQUAL Expression SEMICOLON
   39 Expression: Expression • OR Expression
   40           | Expression • AND Expression
   41           | Expression • EQUALS Expression
   42           | Expression • NOTEQUAL Expression
   43           | Expression • LT Expression
   44           | Expression • LTE Expression
   45           | Expression • GT Expression
   46           | Expression • GTE Expression

    AND       shift, and go to state 94
    EQUALS    shift, and go to state 95
    GT        shift, and go to state 96
    GTE       shift, and go to state 97
    LT        shift, and go to state 98
    LTE       shift, and go to state 99
    NOTEQUAL  shift, and go to state 100
    OR        shift, and go to state 101
    RBRACKET  shift, and go to state 136


State 111

   20 NestedBlock: LBRACE OptionalDeclarations OptionalStatements • RBRACE

    RBRACE  shift, and go to state 137


State 112

   36 Statement: LBRACE Statements RBRACE •

    $default  reduce using rule 36 (Statement)


State 113

   26 SingleVarDeclaration: IDENTIFIER COLON STRING LBRACKET • INT_LITERAL RBRACKET

    INT_LITERAL  shift, and go to state 138


State 114

   61 Variable: IDENTIFIER LBRACKET • Expression RBRACKET

    NULLTOKEN       shift, and go to state 55
    MINUS           shift, and go to state 56
    NOT             shift, and go to state 57
    AMP             shift, and go to state 58
    DEREFERENCE     shift, and go to state 59
    TRUE            shift, and go to state 60
    FALSE           shift, and go to state 61
    INT_LITERAL     shift, and go to state 62
    IDENTIFIER      shift, and go to state 63
    LPAREN          shift, and go to state 64
    BAR             shift, and go to state 65
    STRING_LITERAL  shift, and go to state 66
    CHAR_LITERAL    shift, and go to state 67

    Expression          go to state 139
    AdditiveExpr        go to state 69
    MultiplicativeExpr  go to state 70
    UnaryExpr           go to state 71
    PrimaryExpr         go to state 72


State 115

   39 Expression: Expression • OR Expression
   40           | Expression • AND Expression
   41           | Expression • EQUALS Expression
   42           | Expression • NOTEQUAL Expression
   43           | Expression • LT Expression
   44           | Expression • LTE Expression
   45           | Expression • GT Expression
   46           | Expression • GTE Expression
   74 NonEmptyArgumentList: Expression •
   75                     | Expression • COMMA NonEmptyArgumentList

    AND       shift, and go to state 94
    EQUALS    shift, and go to state 95
    GT        shift, and go to state 96
    GTE       shift, and go to state 97
    LT        shift, and go to state 98
    LTE       shift, and go to state 99
    NOTEQUAL  shift, and go to state 100
    OR        shift, and go to state 101
    COMMA     shift, and go to state 140

    $default  reduce using rule 74 (NonEmptyArgumentList)


State 116

   65 PrimaryExpr: IDENTIFIER LPAREN ArgumentList • RPAREN

    RPAREN  shift, and go to state 141


State 117

   73 ArgumentList: NonEmptyArgumentList •

    $default  reduce using rule 73 (ArgumentList)


State 118

   39 Expression: Expression • OR Expression
   40           | Expression • AND Expression
   41           | Expression • EQUALS Expression
   42           | Expression • NOTEQUAL Expression
   43           | Expression • LT Expression
   44           | Expression • LTE Expression
   45           | Expression • GT Expression
   46           | Expression • GTE Expression
   66 PrimaryExpr: IDENTIFIER LBRACKET Expression • RBRACKET

    AND       shift, and go to state 94
    EQUALS    shift, and go to state 95
    GT        shift, and go to state 96
    GTE       shift, and go to state 97
    LT        shift, and go to state 98
    LTE       shift, and go to state 99
    NOTEQUAL  shift, and go to state 100
    OR        shift, and go to state 101
    RBRACKET  shift, and go to state 142


State 119

   64 PrimaryExpr: LPAREN Expression RPAREN •

    $default  reduce using rule 64 (PrimaryExpr)


State 120

   58 UnaryExpr: BAR Expression BAR •

    $default  reduce using rule 58 (UnaryExpr)


State 121

   39 Expression: Expression • OR Expression
   40           | Expression • AND Expression
   40           | Expression AND Expression •
   41           | Expression • EQUALS Expression
   42           | Expression • NOTEQUAL Expression
   43           | Expression • LT Expression
   44           | Expression • LTE Expression
   45           | Expression • GT Expression
   46           | Expression • GTE Expression

    EQUALS    shift, and go to state 95
    GT        shift, and go to state 96
    GTE       shift, and go to state 97
    LT        shift, and go to state 98
    LTE       shift, and go to state 99
    NOTEQUAL  shift, and go to state 100

    $default  reduce using rule 40 (Expression)


State 122

   39 Expression: Expression • OR Expression
   40           | Expression • AND Expression
   41           | Expression • EQUALS Expression
   41           | Expression EQUALS Expression •
   42           | Expression • NOTEQUAL Expression
   43           | Expression • LT Expression
   44           | Expression • LTE Expression
   45           | Expression • GT Expression
   46           | Expression • GTE Expression

    GT   shift, and go to state 96
    GTE  shift, and go to state 97
    LT   shift, and go to state 98
    LTE  shift, and go to state 99

    $default  reduce using rule 41 (Expression)


State 123

   39 Expression: Expression • OR Expression
   40           | Expression • AND Expression
   41           | Expression • EQUALS Expression
   42           | Expression • NOTEQUAL Expression
   43           | Expression • LT Expression
   44           | Expression • LTE Expression
   45           | Expression • GT Expression
   45           | Expression GT Expression •
   46           | Expression • GTE Expression

    $default  reduce using rule 45 (Expression)


State 124

   39 Expression: Expression • OR Expression
   40           | Expression • AND Expression
   41           | Expression • EQUALS Expression
   42           | Expression • NOTEQUAL Expression
   43           | Expression • LT Expression
   44           | Expression • LTE Expression
   45           | Expression • GT Expression
   46           | Expression • GTE Expression
   46           | Expression GTE Expression •

    $default  reduce using rule 46 (Expression)


State 125

   39 Expression: Expression • OR Expression
   40           | Expression • AND Expression
   41           | Expression • EQUALS Expression
   42           | Expression • NOTEQUAL Expression
   43           | Expression • LT Expression
   43           | Expression LT Expression •
   44           | Expression • LTE Expression
   45           | Expression • GT Expression
   46           | Expression • GTE Expression

    $default  reduce using rule 43 (Expression)


State 126

   39 Expression: Expression • OR Expression
   40           | Expression • AND Expression
   41           | Expression • EQUALS Expression
   42           | Expression • NOTEQUAL Expression
   43           | Expression • LT Expression
   44           | Expression • LTE Expression
   44           | Expression LTE Expression •
   45           | Expression • GT Expression
   46           | Expression • GTE Expression

    $default  reduce using rule 44 (Expression)


State 127

   39 Expression: Expression • OR Expression
   40           | Expression • AND Expression
   41           | Expression • EQUALS Expression
   42           | Expression • NOTEQUAL Expression
   42           | Expression NOTEQUAL Expression •
   43           | Expression • LT Expression
   44           | Expression • LTE Expression
   45           | Expression • GT Expression
   46           | Expression • GTE Expression

    GT   shift, and go to state 96
    GTE  shift, and go to state 97
    LT   shift, and go to state 98
    LTE  shift, and go to state 99

    $default  reduce using rule 42 (Expression)


State 128

   39 Expression: Expression • OR Expression
   39           | Expression OR Expression •
   40           | Expression • AND Expression
   41           | Expression • EQUALS Expression
   42           | Expression • NOTEQUAL Expression
   43           | Expression • LT Expression
   44           | Expression • LTE Expression
   45           | Expression • GT Expression
   46           | Expression • GTE Expression

    AND       shift, and go to state 94
    EQUALS    shift, and go to state 95
    GT        shift, and go to state 96
    GTE       shift, and go to state 97
    LT        shift, and go to state 98
    LTE       shift, and go to state 99
    NOTEQUAL  shift, and go to state 100

    $default  reduce using rule 39 (Expression)


State 129

   49 AdditiveExpr: AdditiveExpr MINUS MultiplicativeExpr •
   51 MultiplicativeExpr: MultiplicativeExpr • MUL UnaryExpr
   52                   | MultiplicativeExpr • DIV UnaryExpr

    DIV  shift, and go to state 105
    MUL  shift, and go to state 106

    $default  reduce using rule 49 (AdditiveExpr)


State 130

   48 AdditiveExpr: AdditiveExpr PLUS MultiplicativeExpr •
   51 MultiplicativeExpr: MultiplicativeExpr • MUL UnaryExpr
   52                   | MultiplicativeExpr • DIV UnaryExpr

    DIV  shift, and go to state 105
    MUL  shift, and go to state 106

    $default  reduce using rule 48 (AdditiveExpr)


State 131

   52 MultiplicativeExpr: MultiplicativeExpr DIV UnaryExpr •

    $default  reduce using rule 52 (MultiplicativeExpr)


State 132

   51 MultiplicativeExpr: MultiplicativeExpr MUL UnaryExpr •

    $default  reduce using rule 51 (MultiplicativeExpr)


State 133

   33 Statement: IF LPAREN Expression RPAREN • Block
   34          | IF LPAREN Expression RPAREN • Block ELSE Block

    LBRACE  shift, and go to state 143

    Block  go to state 144


State 134

   35 Statement: WHILE LPAREN Expression RPAREN • Block

    LBRACE  shift, and go to state 143

    Block  go to state 145


State 135

   31 Statement: IDENTIFIER EQUAL Expression SEMICOLON •

    $default  reduce using rule 31 (Statement)


State 136

   32 Statement: IDENTIFIER LBRACKET Expression RBRACKET • EQUAL Expression SEMICOLON

    EQUAL  shift, and go to state 146


State 137

   20 NestedBlock: LBRACE OptionalDeclarations OptionalStatements RBRACE •

    $default  reduce using rule 20 (NestedBlock)


State 138

   26 SingleVarDeclaration: IDENTIFIER COLON STRING LBRACKET INT_LITERAL • RBRACKET

    RBRACKET  shift, and go to state 147


State 139

   39 Expression: Expression • OR Expression
   40           | Expression • AND Expression
   41           | Expression • EQUALS Expression
   42           | Expression • NOTEQUAL Expression
   43           | Expression • LT Expression
   44           | Expression • LTE Expression
   45           | Expression • GT Expression
   46           | Expression • GTE Expression
   61 Variable: IDENTIFIER LBRACKET Expression • RBRACKET

    AND       shift, and go to state 94
    EQUALS    shift, and go to state 95
    GT        shift, and go to state 96
    GTE       shift, and go to state 97
    LT        shift, and go to state 98
    LTE       shift, and go to state 99
    NOTEQUAL  shift, and go to state 100
    OR        shift, and go to state 101
    RBRACKET  shift, and go to state 148


State 140

   75 NonEmptyArgumentList: Expression COMMA • NonEmptyArgumentList

    NULLTOKEN       shift, and go to state 55
    MINUS           shift, and go to state 56
    NOT             shift, and go to state 57
    AMP             shift, and go to state 58
    DEREFERENCE     shift, and go to state 59
    TRUE            shift, and go to state 60
    FALSE           shift, and go to state 61
    INT_LITERAL     shift, and go to state 62
    IDENTIFIER      shift, and go to state 63
    LPAREN          shift, and go to state 64
    BAR             shift, and go to state 65
    STRING_LITERAL  shift, and go to state 66
    CHAR_LITERAL    shift, and go to state 67

    Expression            go to state 115
    AdditiveExpr          go to state 69
    MultiplicativeExpr    go to state 70
    UnaryExpr             go to state 71
    PrimaryExpr           go to state 72
    NonEmptyArgumentList  go to state 149


State 141

   65 PrimaryExpr: IDENTIFIER LPAREN ArgumentList RPAREN •

    $default  reduce using rule 65 (PrimaryExpr)


State 142

   66 PrimaryExpr: IDENTIFIER LBRACKET Expression RBRACKET •

    $default  reduce using rule 66 (PrimaryExpr)


State 143

   19 Block: LBRACE • OptionalDeclarations OptionalStatements RBRACE

    VAR        shift, and go to state 29
    PROCEDURE  shift, and go to state 1

    PROCEDURE  [reduce using rule 13 (OptionalDeclarations)]
    $default   reduce using rule 13 (OptionalDeclarations)

    Procedure             go to state 30
    OptionalDeclarations  go to state 150
    Declarations          go to state 33
    Declaration           go to state 34


State 144

   33 Statement: IF LPAREN Expression RPAREN Block •
   34          | IF LPAREN Expression RPAREN Block • ELSE Block

    ELSE  shift, and go to state 151

    $default  reduce using rule 33 (Statement)


State 145

   35 Statement: WHILE LPAREN Expression RPAREN Block •

    $default  reduce using rule 35 (Statement)


State 146

   32 Statement: IDENTIFIER LBRACKET Expression RBRACKET EQUAL • Expression SEMICOLON

    NULLTOKEN       shift, and go to state 55
    MINUS           shift, and go to state 56
    NOT             shift, and go to state 57
    AMP             shift, and go to state 58
    DEREFERENCE     shift, and go to state 59
    TRUE            shift, and go to state 60
    FALSE           shift, and go to state 61
    INT_LITERAL     shift, and go to state 62
    IDENTIFIER      shift, and go to state 63
    LPAREN          shift, and go to state 64
    BAR             shift, and go to state 65
    STRING_LITERAL  shift, and go to state 66
    CHAR_LITERAL    shift, and go to state 67

    Expression          go to state 152
    AdditiveExpr        go to state 69
    MultiplicativeExpr  go to state 70
    UnaryExpr           go to state 71
    PrimaryExpr         go to state 72


State 147

   26 SingleVarDeclaration: IDENTIFIER COLON STRING LBRACKET INT_LITERAL RBRACKET •

    $default  reduce using rule 26 (SingleVarDeclaration)


State 148

   61 Variable: IDENTIFIER LBRACKET Expression RBRACKET •

    $default  reduce using rule 61 (Variable)


State 149

   75 NonEmptyArgumentList: Expression COMMA NonEmptyArgumentList •

    $default  reduce using rule 75 (NonEmptyArgumentList)


State 150

   19 Block: LBRACE OptionalDeclarations • OptionalStatements RBRACE

    IF          shift, and go to state 41
    WHILE       shift, and go to state 42
    PROCEDURE   shift, and go to state 1
    IDENTIFIER  shift, and go to state 43
    LBRACE      shift, and go to state 44

    $default  reduce using rule 15 (OptionalStatements)

    Procedure           go to state 45
    OptionalStatements  go to state 153
    NestedBlock         go to state 47
    Statements          go to state 48
    Statement           go to state 49


State 151

   34 Statement: IF LPAREN Expression RPAREN Block ELSE • Block

    LBRACE  shift, and go to state 143

    Block  go to state 154


State 152

   32 Statement: IDENTIFIER LBRACKET Expression RBRACKET EQUAL Expression • SEMICOLON
   39 Expression: Expression • OR Expression
   40           | Expression • AND Expression
   41           | Expression • EQUALS Expression
   42           | Expression • NOTEQUAL Expression
   43           | Expression • LT Expression
   44           | Expression • LTE Expression
   45           | Expression • GT Expression
   46           | Expression • GTE Expression

    AND        shift, and go to state 94
    EQUALS     shift, and go to state 95
    GT         shift, and go to state 96
    GTE        shift, and go to state 97
    LT         shift, and go to state 98
    LTE        shift, and go to state 99
    NOTEQUAL   shift, and go to state 100
    OR         shift, and go to state 101
    SEMICOLON  shift, and go to state 155


State 153

   19 Block: LBRACE OptionalDeclarations OptionalStatements • RBRACE

    RBRACE  shift, and go to state 156


State 154

   34 Statement: IF LPAREN Expression RPAREN Block ELSE Block •

    $default  reduce using rule 34 (Statement)


State 155

   32 Statement: IDENTIFIER LBRACKET Expression RBRACKET EQUAL Expression SEMICOLON •

    $default  reduce using rule 32 (Statement)


State 156

   19 Block: LBRACE OptionalDeclarations OptionalStatements RBRACE •

    $default  reduce using rule 19 (Block)
